  [1m[35m (1.8ms)[0m  [1m[35mCREATE DATABASE "hello_rails_development" ENCODING = 'unicode'[0m
  [1m[35m (0.3ms)[0m  [1m[35mCREATE DATABASE "hello_rails_test" ENCODING = 'unicode'[0m
Started GET "/" for ::1 at 2022-10-31 20:24:40 +0200
Processing by Rails::WelcomeController#index as HTML
  Rendering /home/looh16/.rbenv/versions/3.1.2/lib/ruby/gems/3.1.0/gems/railties-7.0.4/lib/rails/templates/rails/welcome/index.html.erb
  Rendered /home/looh16/.rbenv/versions/3.1.2/lib/ruby/gems/3.1.0/gems/railties-7.0.4/lib/rails/templates/rails/welcome/index.html.erb (Duration: 20.4ms | Allocations: 635)
Completed 200 OK in 154ms (Views: 76.4ms | ActiveRecord: 0.0ms | Allocations: 5094)


Started GET "/" for ::1 at 2022-10-31 20:30:26 +0200
Processing by Rails::WelcomeController#index as HTML
  Rendering /home/looh16/.rbenv/versions/3.1.2/lib/ruby/gems/3.1.0/gems/railties-7.0.4/lib/rails/templates/rails/welcome/index.html.erb
  Rendered /home/looh16/.rbenv/versions/3.1.2/lib/ruby/gems/3.1.0/gems/railties-7.0.4/lib/rails/templates/rails/welcome/index.html.erb (Duration: 1.1ms | Allocations: 527)
Completed 200 OK in 5ms (Views: 2.1ms | ActiveRecord: 0.0ms | Allocations: 3770)


Started GET "/pages/hello" for ::1 at 2022-10-31 20:30:38 +0200
Processing by PagesController#hello as HTML
  Rendering layout layouts/application.html.erb
  Rendering pages/hello.html.erb within layouts/application
  Rendered pages/hello.html.erb within layouts/application (Duration: 0.4ms | Allocations: 125)
  Rendered layout layouts/application.html.erb (Duration: 218.7ms | Allocations: 97054)
Completed 200 OK in 223ms (Views: 220.5ms | ActiveRecord: 0.0ms | Allocations: 98103)


Started GET "/pages/hello" for ::1 at 2022-10-31 20:30:52 +0200
Processing by PagesController#hello as HTML
  Rendering layout layouts/application.html.erb
  Rendering pages/hello.html.erb within layouts/application
  Rendered pages/hello.html.erb within layouts/application (Duration: 0.4ms | Allocations: 129)
  Rendered layout layouts/application.html.erb (Duration: 4.1ms | Allocations: 3248)
Completed 200 OK in 6ms (Views: 5.5ms | ActiveRecord: 0.0ms | Allocations: 4088)


Started GET "/" for ::1 at 2022-10-31 20:32:09 +0200
Processing by PagesController#hello as HTML
  Rendering layout layouts/application.html.erb
  Rendering pages/hello.html.erb within layouts/application
  Rendered pages/hello.html.erb within layouts/application (Duration: 0.0ms | Allocations: 12)
  Rendered layout layouts/application.html.erb (Duration: 6.1ms | Allocations: 15862)
Completed 200 OK in 7ms (Views: 6.8ms | ActiveRecord: 0.0ms | Allocations: 16508)


Started GET "/" for ::1 at 2022-10-31 20:32:33 +0200
Processing by PagesController#hello as HTML
  Rendering layout layouts/application.html.erb
  Rendering pages/hello.html.erb within layouts/application
  Rendered pages/hello.html.erb within layouts/application (Duration: 0.0ms | Allocations: 7)
  Rendered layout layouts/application.html.erb (Duration: 4.8ms | Allocations: 2646)
Completed 200 OK in 6ms (Views: 5.4ms | ActiveRecord: 0.0ms | Allocations: 2926)


Started GET "/" for ::1 at 2022-10-31 20:32:49 +0200
Processing by PagesController#hello as HTML
  Rendering layout layouts/application.html.erb
  Rendering pages/hello.html.erb within layouts/application
  Rendered pages/hello.html.erb within layouts/application (Duration: 0.4ms | Allocations: 123)
  Rendered layout layouts/application.html.erb (Duration: 3.3ms | Allocations: 3200)
Completed 200 OK in 6ms (Views: 4.8ms | ActiveRecord: 0.0ms | Allocations: 4044)


